<?xml version="1.0" encoding="UTF-8"?>
<!-- Generated by org.testng.reporters.JUnitReportReporter -->
<testsuite hostname="DELL-C0HKRC2" failures="0" tests="5" name="pruebas.Laboratorio4_E2" time="18.410" errors="0" timestamp="2021-06-30T20:38:57 ART" skipped="0">
  <testcase classname="pruebas.Laboratorio4_E2" name="login" time="4.154"/>
  <system-out/>
  <testcase classname="pruebas.Laboratorio4_E2" name="login" time="3.940"/>
  <system-out/>
  <testcase classname="pruebas.Laboratorio4_E2" name="login" time="3.975"/>
  <system-out/>
  <testcase classname="pruebas.Laboratorio4_E2" name="login" time="3.149"/>
  <system-out/>
  <testcase classname="pruebas.Laboratorio4_E2" name="login" time="3.192"/>
  <system-out/>
</testsuite> <!-- pruebas.Laboratorio4_E2 -->
