<?xml version="1.0" encoding="UTF-8"?>
<!-- Generated by org.testng.reporters.JUnitReportReporter -->
<testsuite hostname="DELL-C0HKRC2" failures="0" tests="3" name="Edit.EducacionIT.Laboratorio1" time="21.525" errors="0" timestamp="2021-06-23T20:41:14 ART" skipped="0">
  <testcase classname="Edit.EducacionIT.Laboratorio1" name="abrirPaginaChrome" time="7.508"/>
  <system-out/>
  <testcase classname="Edit.EducacionIT.Laboratorio1" name="buscarChrome" time="5.061"/>
  <system-out/>
  <testcase classname="Edit.EducacionIT.Laboratorio1" name="abrirPaginaFirefox" time="8.956"/>
  <system-out/>
</testsuite> <!-- Edit.EducacionIT.Laboratorio1 -->
