<?xml version="1.0" encoding="UTF-8"?>
<!-- Generated by org.testng.reporters.JUnitReportReporter -->
<testsuite hostname="DELL-C0HKRC2" failures="0" tests="1" name="Edit.EducacionIT.Laboratorio3" time="3.939" errors="0" timestamp="2021-06-23T21:17:29 ART" skipped="0">
  <testcase classname="Edit.EducacionIT.Laboratorio3" name="buscarPalabra" time="3.939"/>
  <system-out/>
</testsuite> <!-- Edit.EducacionIT.Laboratorio3 -->
