<?xml version="1.0" encoding="UTF-8"?>
<!-- Generated by org.testng.reporters.JUnitReportReporter -->
<testsuite hostname="DELL-C0HKRC2" failures="0" tests="1" name="Edit.EducacionIT.AppTest" time="0.002" errors="0" timestamp="2021-06-23T20:41:14 ART" skipped="0">
  <testcase classname="Edit.EducacionIT.AppTest" name="shouldAnswerWithTrue" time="0.002"/>
  <system-out/>
</testsuite> <!-- Edit.EducacionIT.AppTest -->
