<?xml version="1.0" encoding="UTF-8"?>
<!-- Generated by org.testng.reporters.JUnitReportReporter -->
<testsuite hostname="DELL-C0HKRC2" failures="0" tests="1" name="pruebas.LoginTest" time="4.735" errors="0" timestamp="2021-06-23T22:02:42 ART" skipped="0">
  <testcase classname="pruebas.LoginTest" name="login" time="4.735"/>
  <system-out/>
</testsuite> <!-- pruebas.LoginTest -->
